Doing some testing with parameters: pop size: 170
number of generations: 42
learning rate: 422
configs: 214
samples: 470
Doing some testing with parameters: pop size: 208
number of generations: 219
learning rate: 426
configs: 15
samples: 69
Doing some testing with parameters: pop size: 436
number of generations: 152
learning rate: 368
configs: 249
samples: 329
Doing some testing with parameters: pop size: 177
number of generations: 112
learning rate: 212
configs: 376
samples: 381
Doing some testing with parameters: pop size: 345
number of generations: 149
learning rate: 293
configs: 283
samples: 16
Doing some testing with parameters: pop size: 69
number of generations: 488
learning rate: 497
configs: 284
samples: 399
Doing some testing with parameters: pop size: 456
number of generations: 286
learning rate: 195
configs: 190
samples: 474
Doing some testing with parameters: pop size: 31
number of generations: 193
learning rate: 237
configs: 164
samples: 480
Doing some testing with parameters: pop size: 319
number of generations: 152
learning rate: 85
configs: 337
samples: 88
Doing some testing with parameters: pop size: 413
number of generations: 301
learning rate: 13
configs: 99
samples: 455
Doing some testing with parameters: pop size: 192
number of generations: 102
learning rate: 145
configs: 262
samples: 227
Doing some testing with parameters: pop size: 184
number of generations: 5
learning rate: 163
configs: 454
samples: 195
Doing some testing with parameters: pop size: 494
number of generations: 64
learning rate: 209
configs: 371
samples: 194
Doing some testing with parameters: pop size: 451
number of generations: 103
learning rate: 435
configs: 154
samples: 408
Doing some testing with parameters: pop size: 332
number of generations: 79
learning rate: 287
configs: 155
samples: 101
Doing some testing with parameters: pop size: 358
number of generations: 229
learning rate: 100
configs: 495
samples: 222
Doing some testing with parameters: pop size: 412
number of generations: 302
learning rate: 123
configs: 164
samples: 284
Doing some testing with parameters: pop size: 245
number of generations: 231
learning rate: 19
configs: 45
samples: 323
Doing some testing with parameters: pop size: 459
number of generations: 173
learning rate: 421
configs: 396
samples: 195
Doing some testing with parameters: pop size: 411
number of generations: 424
learning rate: 207
configs: 89
samples: 308
Final results are:: score: 172.8306456143503 | Accuracy: 38.46649967941127 | Diversity: 42
